<?xml version="1.0" encoding="UTF-8"?>
<!-- Generated by org.testng.reporters.JUnitXMLReporter -->
<testsuite ignored="1" hostname="DESKTOP-I35D3F1" failures="0" tests="2" name="Default test" time="128.713" errors="0" timestamp="2022-09-26T15:43:31 IST">
  <testcase classname="OrangeHRM_Framework_TestCases.LoginTC_01" name="VerifyLogo" time="1.14"/>
  <testcase classname="OrangeHRM_Framework_TestCases.LoginTC_01" name="VerifyPageTitle" time="0.013"/>
  <testcase classname="OrangeHRM_Framework_TestCases.LoginTC_01" name="LoginTestcase_Excel" time="0.0">
    <ignored/>
  </testcase> <!-- LoginTestcase_Excel -->
</testsuite> <!-- Default test -->
