<?xml version="1.0" encoding="UTF-8"?>
<!-- Generated by org.testng.reporters.JUnitXMLReporter -->
<testsuite ignored="0" hostname="DESKTOP-I35D3F1" failures="0" tests="3" name="LoginTest" time="89.613" errors="0" timestamp="2022-09-11T15:02:24 IST">
  <testcase classname="OrangeHRM_Framework_TestCases.LoginTC_01" name="VerifyLogo" time="2.533"/>
  <testcase classname="OrangeHRM_Framework_TestCases.LoginTC_01" name="VerifyPageTitle" time="0.018"/>
  <testcase classname="OrangeHRM_Framework_TestCases.LoginTC_01" name="LoginTestcase" time="14.698"/>
</testsuite> <!-- LoginTest -->
