<?xml version="1.0" encoding="UTF-8"?>
<testng-results ignored="1" total="3" passed="2" failed="0" skipped="0">
  <reporter-output>
  </reporter-output>
  <suite started-at="2022-09-26T15:41:23 IST" name="Default suite" finished-at="2022-09-26T15:43:31 IST" duration-ms="128713">
    <groups>
    </groups>
    <test started-at="2022-09-26T15:41:23 IST" name="Default test" finished-at="2022-09-26T15:43:31 IST" duration-ms="128713">
      <class name="OrangeHRM_Framework_TestCases.LoginTC_01">
        <test-method is-config="true" signature="init()[pri:0, instance:OrangeHRM_Framework_TestCases.LoginTC_01@3e27aa33]" started-at="2022-09-26T15:41:21 IST" name="init" finished-at="2022-09-26T15:41:23 IST" duration-ms="1445" status="PASS">
          <reporter-output>
          </reporter-output>
        </test-method> <!-- init -->
        <test-method is-config="true" signature="LaunchTheBrowser(java.lang.String)[pri:0, instance:OrangeHRM_Framework_TestCases.LoginTC_01@3e27aa33]" started-at="2022-09-26T15:41:23 IST" name="LaunchTheBrowser" finished-at="2022-09-26T15:42:22 IST" duration-ms="59513" status="PASS">
          <params>
            <param index="0">
              <value>
                <![CDATA[Chrome]]>
              </value>
            </param>
          </params>
          <reporter-output>
          </reporter-output>
        </test-method> <!-- LaunchTheBrowser -->
        <test-method signature="VerifyLogo()[pri:1, instance:OrangeHRM_Framework_TestCases.LoginTC_01@3e27aa33]" started-at="2022-09-26T15:42:22 IST" name="VerifyLogo" finished-at="2022-09-26T15:42:23 IST" duration-ms="1140" status="PASS">
          <reporter-output>
          </reporter-output>
        </test-method> <!-- VerifyLogo -->
        <test-method is-config="true" signature="CloseTheBrowser()[pri:0, instance:OrangeHRM_Framework_TestCases.LoginTC_01@3e27aa33]" started-at="2022-09-26T15:42:23 IST" name="CloseTheBrowser" finished-at="2022-09-26T15:42:27 IST" duration-ms="3284" status="PASS">
          <reporter-output>
          </reporter-output>
        </test-method> <!-- CloseTheBrowser -->
        <test-method is-config="true" signature="LaunchTheBrowser(java.lang.String)[pri:0, instance:OrangeHRM_Framework_TestCases.LoginTC_01@3e27aa33]" started-at="2022-09-26T15:42:27 IST" name="LaunchTheBrowser" finished-at="2022-09-26T15:43:28 IST" duration-ms="61129" status="PASS">
          <params>
            <param index="0">
              <value>
                <![CDATA[Chrome]]>
              </value>
            </param>
          </params>
          <reporter-output>
          </reporter-output>
        </test-method> <!-- LaunchTheBrowser -->
        <test-method signature="VerifyPageTitle()[pri:2, instance:OrangeHRM_Framework_TestCases.LoginTC_01@3e27aa33]" started-at="2022-09-26T15:43:28 IST" name="VerifyPageTitle" finished-at="2022-09-26T15:43:28 IST" duration-ms="13" status="PASS">
          <reporter-output>
          </reporter-output>
        </test-method> <!-- VerifyPageTitle -->
        <test-method is-config="true" signature="CloseTheBrowser()[pri:0, instance:OrangeHRM_Framework_TestCases.LoginTC_01@3e27aa33]" started-at="2022-09-26T15:43:28 IST" name="CloseTheBrowser" finished-at="2022-09-26T15:43:31 IST" duration-ms="3223" status="PASS">
          <reporter-output>
          </reporter-output>
        </test-method> <!-- CloseTheBrowser -->
        <test-method is-config="true" signature="extentFlush()[pri:0, instance:OrangeHRM_Framework_TestCases.LoginTC_01@3e27aa33]" started-at="2022-09-26T15:43:31 IST" name="extentFlush" finished-at="2022-09-26T15:43:31 IST" duration-ms="348" status="PASS">
          <reporter-output>
          </reporter-output>
        </test-method> <!-- extentFlush -->
      </class> <!-- OrangeHRM_Framework_TestCases.LoginTC_01 -->
    </test> <!-- Default test -->
  </suite> <!-- Default suite -->
</testng-results>
